<?xml version="1.0" encoding="UTF-8"?>
<testsuite xmlns:xsi="http://www.w3.org/2001/XMLSchema-instance" xsi:noNamespaceSchemaLocation="https://maven.apache.org/surefire/maven-surefire-plugin/xsd/surefire-test-report.xsd" version="3.0.2" name="com.todo.uat.tests.TodoAppTest" time="0.088" tests="3" errors="0" skipped="0" failures="0">
  <properties>
[...]
</properties>
  <testcase name="verifyPersistence" classname="com.todo.uat.tests.TodoAppTest" time="0.026"/>
  <testcase name="deleteTodoAndVerify" classname="com.todo.uat.tests.TodoAppTest" time="0.011"/>
  <testcase name="addTodoAndVerify" classname="com.todo.uat.tests.TodoAppTest" time="0.019"/>
</testsuite>